

Started GET "/assets/rails.png" for 127.0.0.1 at 2012-11-13 22:21:43 +0300
Served asset /rails.png - 200 OK (62ms)


Started GET "/items/" for 127.0.0.1 at 2012-11-13 22:24:17 +0300
Processing by ItemsController#index as HTML
Completed 500 Internal Server Error in 0ms

ActiveRecord::StatementInvalid (Could not find table 'items'):
  app/controllers/items_controller.rb:5:in `index'


  Rendered c:/Ruby192/lib/ruby/gems/1.9.1/gems/actionpack-3.2.1/lib/action_dispatch/middleware/templates/rescues/_trace.erb (0.0ms)
  Rendered c:/Ruby192/lib/ruby/gems/1.9.1/gems/actionpack-3.2.1/lib/action_dispatch/middleware/templates/rescues/_request_and_response.erb (0.0ms)
  Rendered c:/Ruby192/lib/ruby/gems/1.9.1/gems/actionpack-3.2.1/lib/action_dispatch/middleware/templates/rescues/diagnostics.erb within rescues/layout (124.8ms)
  [1m[36m (0.0ms)[0m  [1mselect sqlite_version(*)[0m
  [1m[35m (15.6ms)[0m  CREATE TABLE "schema_migrations" ("version" varchar(255) NOT NULL) 
  [1m[36m (0.0ms)[0m  [1mPRAGMA index_list("schema_migrations")[0m
  [1m[35m (0.0ms)[0m  CREATE UNIQUE INDEX "unique_schema_migrations" ON "schema_migrations" ("version")
  [1m[36m (0.0ms)[0m  [1mSELECT "schema_migrations"."version" FROM "schema_migrations" [0m
Migrating to CreateItems (20121113185005)
  [1m[35m (0.0ms)[0m  begin transaction
  [1m[36m (0.0ms)[0m  [1mrollback transaction[0m


Started GET "/items/" for 127.0.0.1 at 2012-11-13 22:25:52 +0300
Processing by ItemsController#index as HTML
Completed 500 Internal Server Error in 0ms

ActiveRecord::StatementInvalid (Could not find table 'items'):
  app/controllers/items_controller.rb:5:in `index'


  Rendered c:/Ruby192/lib/ruby/gems/1.9.1/gems/actionpack-3.2.1/lib/action_dispatch/middleware/templates/rescues/_trace.erb (15.6ms)
  Rendered c:/Ruby192/lib/ruby/gems/1.9.1/gems/actionpack-3.2.1/lib/action_dispatch/middleware/templates/rescues/_request_and_response.erb (0.0ms)
  Rendered c:/Ruby192/lib/ruby/gems/1.9.1/gems/actionpack-3.2.1/lib/action_dispatch/middleware/templates/rescues/diagnostics.erb within rescues/layout (62.4ms)


Started GET "/items/" for 127.0.0.1 at 2012-11-13 22:25:56 +0300
Processing by ItemsController#index as HTML
Completed 500 Internal Server Error in 0ms

ActiveRecord::StatementInvalid (Could not find table 'items'):
  app/controllers/items_controller.rb:5:in `index'


  Rendered c:/Ruby192/lib/ruby/gems/1.9.1/gems/actionpack-3.2.1/lib/action_dispatch/middleware/templates/rescues/_trace.erb (0.0ms)
  Rendered c:/Ruby192/lib/ruby/gems/1.9.1/gems/actionpack-3.2.1/lib/action_dispatch/middleware/templates/rescues/_request_and_response.erb (15.6ms)
  Rendered c:/Ruby192/lib/ruby/gems/1.9.1/gems/actionpack-3.2.1/lib/action_dispatch/middleware/templates/rescues/diagnostics.erb within rescues/layout (15.6ms)


Started GET "/item/" for 127.0.0.1 at 2012-11-13 22:26:49 +0300

ActionController::RoutingError (No route matches [GET] "/item"):
  actionpack (3.2.1) lib/action_dispatch/middleware/debug_exceptions.rb:21:in `call'
  actionpack (3.2.1) lib/action_dispatch/middleware/show_exceptions.rb:56:in `call'
  railties (3.2.1) lib/rails/rack/logger.rb:26:in `call_app'
  railties (3.2.1) lib/rails/rack/logger.rb:16:in `call'
  actionpack (3.2.1) lib/action_dispatch/middleware/request_id.rb:22:in `call'
  rack (1.4.1) lib/rack/methodoverride.rb:21:in `call'
  rack (1.4.1) lib/rack/runtime.rb:17:in `call'
  activesupport (3.2.1) lib/active_support/cache/strategy/local_cache.rb:72:in `call'
  rack (1.4.1) lib/rack/lock.rb:15:in `call'
  actionpack (3.2.1) lib/action_dispatch/middleware/static.rb:53:in `call'
  railties (3.2.1) lib/rails/engine.rb:479:in `call'
  railties (3.2.1) lib/rails/application.rb:220:in `call'
  rack (1.4.1) lib/rack/content_length.rb:14:in `call'
  railties (3.2.1) lib/rails/rack/log_tailer.rb:14:in `call'
  rack (1.4.1) lib/rack/handler/webrick.rb:59:in `service'
  c:/Ruby192/lib/ruby/1.9.1/webrick/httpserver.rb:111:in `service'
  c:/Ruby192/lib/ruby/1.9.1/webrick/httpserver.rb:70:in `run'
  c:/Ruby192/lib/ruby/1.9.1/webrick/server.rb:183:in `block in start_thread'


  Rendered c:/Ruby192/lib/ruby/gems/1.9.1/gems/actionpack-3.2.1/lib/action_dispatch/middleware/templates/rescues/routing_error.erb within rescues/layout (0.0ms)


Started GET "/items/" for 127.0.0.1 at 2012-11-13 22:26:54 +0300
Processing by ItemsController#index as HTML
Completed 500 Internal Server Error in 16ms

ActiveRecord::StatementInvalid (Could not find table 'items'):
  app/controllers/items_controller.rb:5:in `index'


  Rendered c:/Ruby192/lib/ruby/gems/1.9.1/gems/actionpack-3.2.1/lib/action_dispatch/middleware/templates/rescues/_trace.erb (0.0ms)
  Rendered c:/Ruby192/lib/ruby/gems/1.9.1/gems/actionpack-3.2.1/lib/action_dispatch/middleware/templates/rescues/_request_and_response.erb (0.0ms)
  Rendered c:/Ruby192/lib/ruby/gems/1.9.1/gems/actionpack-3.2.1/lib/action_dispatch/middleware/templates/rescues/diagnostics.erb within rescues/layout (15.6ms)
  [1m[36m (0.0ms)[0m  [1mSELECT "schema_migrations"."version" FROM "schema_migrations" [0m
Migrating to CreateItems (20121113185005)
  [1m[35m (0.0ms)[0m  select sqlite_version(*)
  [1m[36m (0.0ms)[0m  [1mbegin transaction[0m
  [1m[35m (0.0ms)[0m  rollback transaction
  [1m[36m (0.0ms)[0m  [1mSELECT "schema_migrations"."version" FROM "schema_migrations" [0m
Migrating to CreateItems (20121113185005)
  [1m[35m (0.0ms)[0m  select sqlite_version(*)
  [1m[36m (0.0ms)[0m  [1mbegin transaction[0m
  [1m[35m (15.6ms)[0m  CREATE TABLE "items" ("id" INTEGER PRIMARY KEY AUTOINCREMENT NOT NULL, "name" varchar(255), "description" text, "open_time" time, "close_time" time, "open_days" varchar(255), "longitude" decimal, "latitude" decimal, "category" varchar(255), "created_at" datetime NOT NULL, "updated_at" datetime NOT NULL) 
  [1m[36m (0.0ms)[0m  [1mINSERT INTO "schema_migrations" ("version") VALUES ('20121113185005')[0m
  [1m[35m (0.0ms)[0m  commit transaction
Migrating to CreateEvents (20121113190258)
  [1m[36m (0.0ms)[0m  [1mbegin transaction[0m
  [1m[35m (0.0ms)[0m  CREATE TABLE "events" ("id" INTEGER PRIMARY KEY AUTOINCREMENT NOT NULL, "name" varchar(255), "location" varchar(255), "string" varchar(255), "start_date" date, "end_date" date, "start_time" time, "end_time" time, "longitude" decimal, "latitude" decimal, "created_at" datetime NOT NULL, "updated_at" datetime NOT NULL) 
  [1m[36m (0.0ms)[0m  [1mINSERT INTO "schema_migrations" ("version") VALUES ('20121113190258')[0m
  [1m[35m (0.0ms)[0m  commit transaction
Migrating to CreateUsers (20121113191233)
  [1m[36m (0.0ms)[0m  [1mbegin transaction[0m
  [1m[35m (0.0ms)[0m  CREATE TABLE "users" ("id" INTEGER PRIMARY KEY AUTOINCREMENT NOT NULL, "username" varchar(255), "email" varchar(255), "password_hash" varchar(255), "password_salt" varchar(255), "created_at" datetime NOT NULL, "updated_at" datetime NOT NULL) 
  [1m[36m (0.0ms)[0m  [1mINSERT INTO "schema_migrations" ("version") VALUES ('20121113191233')[0m
  [1m[35m (15.6ms)[0m  commit transaction
  [1m[36m (0.0ms)[0m  [1mselect sqlite_version(*)[0m
  [1m[35m (0.0ms)[0m  SELECT "schema_migrations"."version" FROM "schema_migrations" 
  [1m[36m (0.0ms)[0m  [1mPRAGMA index_list("events")[0m
  [1m[35m (0.0ms)[0m  PRAGMA index_list("items")
  [1m[36m (0.0ms)[0m  [1mPRAGMA index_list("users")[0m


Started GET "/users/sign_up" for 127.0.0.1 at 2012-11-13 22:35:30 +0300

AbstractController::ActionNotFound (The action 'show' could not be found for UsersController):
  actionpack (3.2.1) lib/abstract_controller/base.rb:116:in `process'
  actionpack (3.2.1) lib/abstract_controller/rendering.rb:45:in `process'
  actionpack (3.2.1) lib/action_controller/metal.rb:203:in `dispatch'
  actionpack (3.2.1) lib/action_controller/metal/rack_delegation.rb:14:in `dispatch'
  actionpack (3.2.1) lib/action_controller/metal.rb:246:in `block in action'
  actionpack (3.2.1) lib/action_dispatch/routing/route_set.rb:66:in `call'
  actionpack (3.2.1) lib/action_dispatch/routing/route_set.rb:66:in `dispatch'
  actionpack (3.2.1) lib/action_dispatch/routing/route_set.rb:30:in `call'
  journey (1.0.4) lib/journey/router.rb:68:in `block in call'
  journey (1.0.4) lib/journey/router.rb:56:in `each'
  journey (1.0.4) lib/journey/router.rb:56:in `call'
  actionpack (3.2.1) lib/action_dispatch/routing/route_set.rb:589:in `call'
  actionpack (3.2.1) lib/action_dispatch/middleware/best_standards_support.rb:17:in `call'
  rack (1.4.1) lib/rack/etag.rb:23:in `call'
  rack (1.4.1) lib/rack/conditionalget.rb:25:in `call'
  actionpack (3.2.1) lib/action_dispatch/middleware/head.rb:14:in `call'
  actionpack (3.2.1) lib/action_dispatch/middleware/params_parser.rb:21:in `call'
  actionpack (3.2.1) lib/action_dispatch/middleware/flash.rb:242:in `call'
  rack (1.4.1) lib/rack/session/abstract/id.rb:205:in `context'
  rack (1.4.1) lib/rack/session/abstract/id.rb:200:in `call'
  actionpack (3.2.1) lib/action_dispatch/middleware/cookies.rb:338:in `call'
  activerecord (3.2.1) lib/active_record/query_cache.rb:64:in `call'
  activerecord (3.2.1) lib/active_record/connection_adapters/abstract/connection_pool.rb:443:in `call'
  actionpack (3.2.1) lib/action_dispatch/middleware/callbacks.rb:28:in `block in call'
  activesupport (3.2.1) lib/active_support/callbacks.rb:405:in `_run__609684755__call__877136547__callbacks'
  activesupport (3.2.1) lib/active_support/callbacks.rb:405:in `__run_callback'
  activesupport (3.2.1) lib/active_support/callbacks.rb:385:in `_run_call_callbacks'
  activesupport (3.2.1) lib/active_support/callbacks.rb:81:in `run_callbacks'
  actionpack (3.2.1) lib/action_dispatch/middleware/callbacks.rb:27:in `call'
  actionpack (3.2.1) lib/action_dispatch/middleware/reloader.rb:65:in `call'
  actionpack (3.2.1) lib/action_dispatch/middleware/remote_ip.rb:31:in `call'
  actionpack (3.2.1) lib/action_dispatch/middleware/debug_exceptions.rb:16:in `call'
  actionpack (3.2.1) lib/action_dispatch/middleware/show_exceptions.rb:56:in `call'
  railties (3.2.1) lib/rails/rack/logger.rb:26:in `call_app'
  railties (3.2.1) lib/rails/rack/logger.rb:16:in `call'
  actionpack (3.2.1) lib/action_dispatch/middleware/request_id.rb:22:in `call'
  rack (1.4.1) lib/rack/methodoverride.rb:21:in `call'
  rack (1.4.1) lib/rack/runtime.rb:17:in `call'
  activesupport (3.2.1) lib/active_support/cache/strategy/local_cache.rb:72:in `call'
  rack (1.4.1) lib/rack/lock.rb:15:in `call'
  actionpack (3.2.1) lib/action_dispatch/middleware/static.rb:53:in `call'
  railties (3.2.1) lib/rails/engine.rb:479:in `call'
  railties (3.2.1) lib/rails/application.rb:220:in `call'
  rack (1.4.1) lib/rack/content_length.rb:14:in `call'
  railties (3.2.1) lib/rails/rack/log_tailer.rb:14:in `call'
  rack (1.4.1) lib/rack/handler/webrick.rb:59:in `service'
  c:/Ruby192/lib/ruby/1.9.1/webrick/httpserver.rb:111:in `service'
  c:/Ruby192/lib/ruby/1.9.1/webrick/httpserver.rb:70:in `run'
  c:/Ruby192/lib/ruby/1.9.1/webrick/server.rb:183:in `block in start_thread'


  Rendered c:/Ruby192/lib/ruby/gems/1.9.1/gems/actionpack-3.2.1/lib/action_dispatch/middleware/templates/rescues/unknown_action.erb within rescues/layout (46.8ms)


Started GET "/users" for 127.0.0.1 at 2012-11-13 22:35:44 +0300

AbstractController::ActionNotFound (The action 'index' could not be found for UsersController):
  actionpack (3.2.1) lib/abstract_controller/base.rb:116:in `process'
  actionpack (3.2.1) lib/abstract_controller/rendering.rb:45:in `process'
  actionpack (3.2.1) lib/action_controller/metal.rb:203:in `dispatch'
  actionpack (3.2.1) lib/action_controller/metal/rack_delegation.rb:14:in `dispatch'
  actionpack (3.2.1) lib/action_controller/metal.rb:246:in `block in action'
  actionpack (3.2.1) lib/action_dispatch/routing/route_set.rb:66:in `call'
  actionpack (3.2.1) lib/action_dispatch/routing/route_set.rb:66:in `dispatch'
  actionpack (3.2.1) lib/action_dispatch/routing/route_set.rb:30:in `call'
  journey (1.0.4) lib/journey/router.rb:68:in `block in call'
  journey (1.0.4) lib/journey/router.rb:56:in `each'
  journey (1.0.4) lib/journey/router.rb:56:in `call'
  actionpack (3.2.1) lib/action_dispatch/routing/route_set.rb:589:in `call'
  actionpack (3.2.1) lib/action_dispatch/middleware/best_standards_support.rb:17:in `call'
  rack (1.4.1) lib/rack/etag.rb:23:in `call'
  rack (1.4.1) lib/rack/conditionalget.rb:25:in `call'
  actionpack (3.2.1) lib/action_dispatch/middleware/head.rb:14:in `call'
  actionpack (3.2.1) lib/action_dispatch/middleware/params_parser.rb:21:in `call'
  actionpack (3.2.1) lib/action_dispatch/middleware/flash.rb:242:in `call'
  rack (1.4.1) lib/rack/session/abstract/id.rb:205:in `context'
  rack (1.4.1) lib/rack/session/abstract/id.rb:200:in `call'
  actionpack (3.2.1) lib/action_dispatch/middleware/cookies.rb:338:in `call'
  activerecord (3.2.1) lib/active_record/query_cache.rb:64:in `call'
  activerecord (3.2.1) lib/active_record/connection_adapters/abstract/connection_pool.rb:443:in `call'
  actionpack (3.2.1) lib/action_dispatch/middleware/callbacks.rb:28:in `block in call'
  activesupport (3.2.1) lib/active_support/callbacks.rb:405:in `_run__609684755__call__877136547__callbacks'
  activesupport (3.2.1) lib/active_support/callbacks.rb:405:in `__run_callback'
  activesupport (3.2.1) lib/active_support/callbacks.rb:385:in `_run_call_callbacks'
  activesupport (3.2.1) lib/active_support/callbacks.rb:81:in `run_callbacks'
  actionpack (3.2.1) lib/action_dispatch/middleware/callbacks.rb:27:in `call'
  actionpack (3.2.1) lib/action_dispatch/middleware/reloader.rb:65:in `call'
  actionpack (3.2.1) lib/action_dispatch/middleware/remote_ip.rb:31:in `call'
  actionpack (3.2.1) lib/action_dispatch/middleware/debug_exceptions.rb:16:in `call'
  actionpack (3.2.1) lib/action_dispatch/middleware/show_exceptions.rb:56:in `call'
  railties (3.2.1) lib/rails/rack/logger.rb:26:in `call_app'
  railties (3.2.1) lib/rails/rack/logger.rb:16:in `call'
  actionpack (3.2.1) lib/action_dispatch/middleware/request_id.rb:22:in `call'
  rack (1.4.1) lib/rack/methodoverride.rb:21:in `call'
  rack (1.4.1) lib/rack/runtime.rb:17:in `call'
  activesupport (3.2.1) lib/active_support/cache/strategy/local_cache.rb:72:in `call'
  rack (1.4.1) lib/rack/lock.rb:15:in `call'
  actionpack (3.2.1) lib/action_dispatch/middleware/static.rb:53:in `call'
  railties (3.2.1) lib/rails/engine.rb:479:in `call'
  railties (3.2.1) lib/rails/application.rb:220:in `call'
  rack (1.4.1) lib/rack/content_length.rb:14:in `call'
  railties (3.2.1) lib/rails/rack/log_tailer.rb:14:in `call'
  rack (1.4.1) lib/rack/handler/webrick.rb:59:in `service'
  c:/Ruby192/lib/ruby/1.9.1/webrick/httpserver.rb:111:in `service'
  c:/Ruby192/lib/ruby/1.9.1/webrick/httpserver.rb:70:in `run'
  c:/Ruby192/lib/ruby/1.9.1/webrick/server.rb:183:in `block in start_thread'


  Rendered c:/Ruby192/lib/ruby/gems/1.9.1/gems/actionpack-3.2.1/lib/action_dispatch/middleware/templates/rescues/unknown_action.erb within rescues/layout (1.0ms)


Started GET "/items/" for 127.0.0.1 at 2012-11-13 22:35:55 +0300
Processing by ItemsController#index as HTML
  [1m[36mItem Load (0.0ms)[0m  [1mSELECT "items".* FROM "items" [0m
  Rendered items/index.html.erb within layouts/application (2.0ms)
Compiled events.css  (130ms)  (pid 5856)
Compiled items.css  (8ms)  (pid 5856)
Compiled scaffolds.css  (35ms)  (pid 5856)
Compiled application.css  (339ms)  (pid 5856)
Completed 200 OK in 429ms (Views: 427.0ms | ActiveRecord: 0.0ms)


Started GET "/assets/application.css?body=1" for 127.0.0.1 at 2012-11-13 22:35:56 +0300
Served asset /application.css - 200 OK (63ms)


Started GET "/assets/events.css?body=1" for 127.0.0.1 at 2012-11-13 22:35:56 +0300
Served asset /events.css - 200 OK (5ms)


Started GET "/assets/items.css?body=1" for 127.0.0.1 at 2012-11-13 22:35:56 +0300
Served asset /items.css - 200 OK (5ms)


Started GET "/assets/defaults.js" for 127.0.0.1 at 2012-11-13 22:35:56 +0300
Served asset /defaults.js - 404 Not Found (9ms)

ActionController::RoutingError (No route matches [GET] "/assets/defaults.js"):
  actionpack (3.2.1) lib/action_dispatch/middleware/debug_exceptions.rb:21:in `call'
  actionpack (3.2.1) lib/action_dispatch/middleware/show_exceptions.rb:56:in `call'
  railties (3.2.1) lib/rails/rack/logger.rb:26:in `call_app'
  railties (3.2.1) lib/rails/rack/logger.rb:16:in `call'
  actionpack (3.2.1) lib/action_dispatch/middleware/request_id.rb:22:in `call'
  rack (1.4.1) lib/rack/methodoverride.rb:21:in `call'
  rack (1.4.1) lib/rack/runtime.rb:17:in `call'
  activesupport (3.2.1) lib/active_support/cache/strategy/local_cache.rb:72:in `call'
  rack (1.4.1) lib/rack/lock.rb:15:in `call'
  actionpack (3.2.1) lib/action_dispatch/middleware/static.rb:53:in `call'
  railties (3.2.1) lib/rails/engine.rb:479:in `call'
  railties (3.2.1) lib/rails/application.rb:220:in `call'
  rack (1.4.1) lib/rack/content_length.rb:14:in `call'
  railties (3.2.1) lib/rails/rack/log_tailer.rb:14:in `call'
  rack (1.4.1) lib/rack/handler/webrick.rb:59:in `service'
  c:/Ruby192/lib/ruby/1.9.1/webrick/httpserver.rb:111:in `service'
  c:/Ruby192/lib/ruby/1.9.1/webrick/httpserver.rb:70:in `run'
  c:/Ruby192/lib/ruby/1.9.1/webrick/server.rb:183:in `block in start_thread'


  Rendered c:/Ruby192/lib/ruby/gems/1.9.1/gems/actionpack-3.2.1/lib/action_dispatch/middleware/templates/rescues/routing_error.erb within rescues/layout (1.0ms)


Started GET "/assets/scaffolds.css?body=1" for 127.0.0.1 at 2012-11-13 22:35:56 +0300
Served asset /scaffolds.css - 200 OK (6ms)


Started GET "/events/" for 127.0.0.1 at 2012-11-13 22:37:28 +0300
Processing by EventsController#index as HTML
  [1m[36mEvent Load (0.0ms)[0m  [1mSELECT "events".* FROM "events" [0m
  Rendered events/index.html.erb within layouts/application (46.8ms)
Completed 200 OK in 312ms (Views: 265.2ms | ActiveRecord: 0.0ms)


Started GET "/assets/application.css?body=1" for 127.0.0.1 at 2012-11-13 22:37:33 +0300
Served asset /application.css - 304 Not Modified (15ms)


Started GET "/assets/events.css?body=1" for 127.0.0.1 at 2012-11-13 22:37:33 +0300
Served asset /events.css - 304 Not Modified (15ms)


Started GET "/assets/items.css?body=1" for 127.0.0.1 at 2012-11-13 22:37:33 +0300
Served asset /items.css - 304 Not Modified (0ms)


Started GET "/assets/defaults.js" for 127.0.0.1 at 2012-11-13 22:37:33 +0300
Served asset /defaults.js - 404 Not Found (0ms)

ActionController::RoutingError (No route matches [GET] "/assets/defaults.js"):
  actionpack (3.2.1) lib/action_dispatch/middleware/debug_exceptions.rb:21:in `call'
  actionpack (3.2.1) lib/action_dispatch/middleware/show_exceptions.rb:56:in `call'
  railties (3.2.1) lib/rails/rack/logger.rb:26:in `call_app'
  railties (3.2.1) lib/rails/rack/logger.rb:16:in `call'
  actionpack (3.2.1) lib/action_dispatch/middleware/request_id.rb:22:in `call'
  rack (1.4.1) lib/rack/methodoverride.rb:21:in `call'
  rack (1.4.1) lib/rack/runtime.rb:17:in `call'
  activesupport (3.2.1) lib/active_support/cache/strategy/local_cache.rb:72:in `call'
  rack (1.4.1) lib/rack/lock.rb:15:in `call'
  actionpack (3.2.1) lib/action_dispatch/middleware/static.rb:53:in `call'
  railties (3.2.1) lib/rails/engine.rb:479:in `call'
  railties (3.2.1) lib/rails/application.rb:220:in `call'
  rack (1.4.1) lib/rack/content_length.rb:14:in `call'
  railties (3.2.1) lib/rails/rack/log_tailer.rb:14:in `call'
  rack (1.4.1) lib/rack/handler/webrick.rb:59:in `service'
  c:/Ruby192/lib/ruby/1.9.1/webrick/httpserver.rb:111:in `service'
  c:/Ruby192/lib/ruby/1.9.1/webrick/httpserver.rb:70:in `run'
  c:/Ruby192/lib/ruby/1.9.1/webrick/server.rb:183:in `block in start_thread'


  Rendered c:/Ruby192/lib/ruby/gems/1.9.1/gems/actionpack-3.2.1/lib/action_dispatch/middleware/templates/rescues/routing_error.erb within rescues/layout (0.0ms)


Started GET "/assets/scaffolds.css?body=1" for 127.0.0.1 at 2012-11-13 22:37:33 +0300
Served asset /scaffolds.css - 304 Not Modified (15ms)


Started GET "/sign_in" for 127.0.0.1 at 2012-11-13 22:37:47 +0300

ActionController::RoutingError (No route matches [GET] "/sign_in"):
  actionpack (3.2.1) lib/action_dispatch/middleware/debug_exceptions.rb:21:in `call'
  actionpack (3.2.1) lib/action_dispatch/middleware/show_exceptions.rb:56:in `call'
  railties (3.2.1) lib/rails/rack/logger.rb:26:in `call_app'
  railties (3.2.1) lib/rails/rack/logger.rb:16:in `call'
  actionpack (3.2.1) lib/action_dispatch/middleware/request_id.rb:22:in `call'
  rack (1.4.1) lib/rack/methodoverride.rb:21:in `call'
  rack (1.4.1) lib/rack/runtime.rb:17:in `call'
  activesupport (3.2.1) lib/active_support/cache/strategy/local_cache.rb:72:in `call'
  rack (1.4.1) lib/rack/lock.rb:15:in `call'
  actionpack (3.2.1) lib/action_dispatch/middleware/static.rb:53:in `call'
  railties (3.2.1) lib/rails/engine.rb:479:in `call'
  railties (3.2.1) lib/rails/application.rb:220:in `call'
  rack (1.4.1) lib/rack/content_length.rb:14:in `call'
  railties (3.2.1) lib/rails/rack/log_tailer.rb:14:in `call'
  rack (1.4.1) lib/rack/handler/webrick.rb:59:in `service'
  c:/Ruby192/lib/ruby/1.9.1/webrick/httpserver.rb:111:in `service'
  c:/Ruby192/lib/ruby/1.9.1/webrick/httpserver.rb:70:in `run'
  c:/Ruby192/lib/ruby/1.9.1/webrick/server.rb:183:in `block in start_thread'


  Rendered c:/Ruby192/lib/ruby/gems/1.9.1/gems/actionpack-3.2.1/lib/action_dispatch/middleware/templates/rescues/routing_error.erb within rescues/layout (0.0ms)


Started GET "/users/sign_in" for 127.0.0.1 at 2012-11-13 22:37:55 +0300

AbstractController::ActionNotFound (The action 'show' could not be found for UsersController):
  actionpack (3.2.1) lib/abstract_controller/base.rb:116:in `process'
  actionpack (3.2.1) lib/abstract_controller/rendering.rb:45:in `process'
  actionpack (3.2.1) lib/action_controller/metal.rb:203:in `dispatch'
  actionpack (3.2.1) lib/action_controller/metal/rack_delegation.rb:14:in `dispatch'
  actionpack (3.2.1) lib/action_controller/metal.rb:246:in `block in action'
  actionpack (3.2.1) lib/action_dispatch/routing/route_set.rb:66:in `call'
  actionpack (3.2.1) lib/action_dispatch/routing/route_set.rb:66:in `dispatch'
  actionpack (3.2.1) lib/action_dispatch/routing/route_set.rb:30:in `call'
  journey (1.0.4) lib/journey/router.rb:68:in `block in call'
  journey (1.0.4) lib/journey/router.rb:56:in `each'
  journey (1.0.4) lib/journey/router.rb:56:in `call'
  actionpack (3.2.1) lib/action_dispatch/routing/route_set.rb:589:in `call'
  actionpack (3.2.1) lib/action_dispatch/middleware/best_standards_support.rb:17:in `call'
  rack (1.4.1) lib/rack/etag.rb:23:in `call'
  rack (1.4.1) lib/rack/conditionalget.rb:25:in `call'
  actionpack (3.2.1) lib/action_dispatch/middleware/head.rb:14:in `call'
  actionpack (3.2.1) lib/action_dispatch/middleware/params_parser.rb:21:in `call'
  actionpack (3.2.1) lib/action_dispatch/middleware/flash.rb:242:in `call'
  rack (1.4.1) lib/rack/session/abstract/id.rb:205:in `context'
  rack (1.4.1) lib/rack/session/abstract/id.rb:200:in `call'
  actionpack (3.2.1) lib/action_dispatch/middleware/cookies.rb:338:in `call'
  activerecord (3.2.1) lib/active_record/query_cache.rb:64:in `call'
  activerecord (3.2.1) lib/active_record/connection_adapters/abstract/connection_pool.rb:443:in `call'
  actionpack (3.2.1) lib/action_dispatch/middleware/callbacks.rb:28:in `block in call'
  activesupport (3.2.1) lib/active_support/callbacks.rb:405:in `_run__648730709__call__314379199__callbacks'
  activesupport (3.2.1) lib/active_support/callbacks.rb:405:in `__run_callback'
  activesupport (3.2.1) lib/active_support/callbacks.rb:385:in `_run_call_callbacks'
  activesupport (3.2.1) lib/active_support/callbacks.rb:81:in `run_callbacks'
  actionpack (3.2.1) lib/action_dispatch/middleware/callbacks.rb:27:in `call'
  actionpack (3.2.1) lib/action_dispatch/middleware/reloader.rb:65:in `call'
  actionpack (3.2.1) lib/action_dispatch/middleware/remote_ip.rb:31:in `call'
  actionpack (3.2.1) lib/action_dispatch/middleware/debug_exceptions.rb:16:in `call'
  actionpack (3.2.1) lib/action_dispatch/middleware/show_exceptions.rb:56:in `call'
  railties (3.2.1) lib/rails/rack/logger.rb:26:in `call_app'
  railties (3.2.1) lib/rails/rack/logger.rb:16:in `call'
  actionpack (3.2.1) lib/action_dispatch/middleware/request_id.rb:22:in `call'
  rack (1.4.1) lib/rack/methodoverride.rb:21:in `call'
  rack (1.4.1) lib/rack/runtime.rb:17:in `call'
  activesupport (3.2.1) lib/active_support/cache/strategy/local_cache.rb:72:in `call'
  rack (1.4.1) lib/rack/lock.rb:15:in `call'
  actionpack (3.2.1) lib/action_dispatch/middleware/static.rb:53:in `call'
  railties (3.2.1) lib/rails/engine.rb:479:in `call'
  railties (3.2.1) lib/rails/application.rb:220:in `call'
  rack (1.4.1) lib/rack/content_length.rb:14:in `call'
  railties (3.2.1) lib/rails/rack/log_tailer.rb:14:in `call'
  rack (1.4.1) lib/rack/handler/webrick.rb:59:in `service'
  c:/Ruby192/lib/ruby/1.9.1/webrick/httpserver.rb:111:in `service'
  c:/Ruby192/lib/ruby/1.9.1/webrick/httpserver.rb:70:in `run'
  c:/Ruby192/lib/ruby/1.9.1/webrick/server.rb:183:in `block in start_thread'


  Rendered c:/Ruby192/lib/ruby/gems/1.9.1/gems/actionpack-3.2.1/lib/action_dispatch/middleware/templates/rescues/unknown_action.erb within rescues/layout (0.0ms)


Started GET "/user/sign_in" for 127.0.0.1 at 2012-11-13 22:38:00 +0300

ActionController::RoutingError (No route matches [GET] "/user/sign_in"):
  actionpack (3.2.1) lib/action_dispatch/middleware/debug_exceptions.rb:21:in `call'
  actionpack (3.2.1) lib/action_dispatch/middleware/show_exceptions.rb:56:in `call'
  railties (3.2.1) lib/rails/rack/logger.rb:26:in `call_app'
  railties (3.2.1) lib/rails/rack/logger.rb:16:in `call'
  actionpack (3.2.1) lib/action_dispatch/middleware/request_id.rb:22:in `call'
  rack (1.4.1) lib/rack/methodoverride.rb:21:in `call'
  rack (1.4.1) lib/rack/runtime.rb:17:in `call'
  activesupport (3.2.1) lib/active_support/cache/strategy/local_cache.rb:72:in `call'
  rack (1.4.1) lib/rack/lock.rb:15:in `call'
  actionpack (3.2.1) lib/action_dispatch/middleware/static.rb:53:in `call'
  railties (3.2.1) lib/rails/engine.rb:479:in `call'
  railties (3.2.1) lib/rails/application.rb:220:in `call'
  rack (1.4.1) lib/rack/content_length.rb:14:in `call'
  railties (3.2.1) lib/rails/rack/log_tailer.rb:14:in `call'
  rack (1.4.1) lib/rack/handler/webrick.rb:59:in `service'
  c:/Ruby192/lib/ruby/1.9.1/webrick/httpserver.rb:111:in `service'
  c:/Ruby192/lib/ruby/1.9.1/webrick/httpserver.rb:70:in `run'
  c:/Ruby192/lib/ruby/1.9.1/webrick/server.rb:183:in `block in start_thread'


  Rendered c:/Ruby192/lib/ruby/gems/1.9.1/gems/actionpack-3.2.1/lib/action_dispatch/middleware/templates/rescues/routing_error.erb within rescues/layout (0.0ms)


Started GET "/users/sign_in" for 127.0.0.1 at 2012-11-13 22:38:05 +0300

AbstractController::ActionNotFound (The action 'show' could not be found for UsersController):
  actionpack (3.2.1) lib/abstract_controller/base.rb:116:in `process'
  actionpack (3.2.1) lib/abstract_controller/rendering.rb:45:in `process'
  actionpack (3.2.1) lib/action_controller/metal.rb:203:in `dispatch'
  actionpack (3.2.1) lib/action_controller/metal/rack_delegation.rb:14:in `dispatch'
  actionpack (3.2.1) lib/action_controller/metal.rb:246:in `block in action'
  actionpack (3.2.1) lib/action_dispatch/routing/route_set.rb:66:in `call'
  actionpack (3.2.1) lib/action_dispatch/routing/route_set.rb:66:in `dispatch'
  actionpack (3.2.1) lib/action_dispatch/routing/route_set.rb:30:in `call'
  journey (1.0.4) lib/journey/router.rb:68:in `block in call'
  journey (1.0.4) lib/journey/router.rb:56:in `each'
  journey (1.0.4) lib/journey/router.rb:56:in `call'
  actionpack (3.2.1) lib/action_dispatch/routing/route_set.rb:589:in `call'
  actionpack (3.2.1) lib/action_dispatch/middleware/best_standards_support.rb:17:in `call'
  rack (1.4.1) lib/rack/etag.rb:23:in `call'
  rack (1.4.1) lib/rack/conditionalget.rb:25:in `call'
  actionpack (3.2.1) lib/action_dispatch/middleware/head.rb:14:in `call'
  actionpack (3.2.1) lib/action_dispatch/middleware/params_parser.rb:21:in `call'
  actionpack (3.2.1) lib/action_dispatch/middleware/flash.rb:242:in `call'
  rack (1.4.1) lib/rack/session/abstract/id.rb:205:in `context'
  rack (1.4.1) lib/rack/session/abstract/id.rb:200:in `call'
  actionpack (3.2.1) lib/action_dispatch/middleware/cookies.rb:338:in `call'
  activerecord (3.2.1) lib/active_record/query_cache.rb:64:in `call'
  activerecord (3.2.1) lib/active_record/connection_adapters/abstract/connection_pool.rb:443:in `call'
  actionpack (3.2.1) lib/action_dispatch/middleware/callbacks.rb:28:in `block in call'
  activesupport (3.2.1) lib/active_support/callbacks.rb:405:in `_run__648730709__call__314379199__callbacks'
  activesupport (3.2.1) lib/active_support/callbacks.rb:405:in `__run_callback'
  activesupport (3.2.1) lib/active_support/callbacks.rb:385:in `_run_call_callbacks'
  activesupport (3.2.1) lib/active_support/callbacks.rb:81:in `run_callbacks'
  actionpack (3.2.1) lib/action_dispatch/middleware/callbacks.rb:27:in `call'
  actionpack (3.2.1) lib/action_dispatch/middleware/reloader.rb:65:in `call'
  actionpack (3.2.1) lib/action_dispatch/middleware/remote_ip.rb:31:in `call'
  actionpack (3.2.1) lib/action_dispatch/middleware/debug_exceptions.rb:16:in `call'
  actionpack (3.2.1) lib/action_dispatch/middleware/show_exceptions.rb:56:in `call'
  railties (3.2.1) lib/rails/rack/logger.rb:26:in `call_app'
  railties (3.2.1) lib/rails/rack/logger.rb:16:in `call'
  actionpack (3.2.1) lib/action_dispatch/middleware/request_id.rb:22:in `call'
  rack (1.4.1) lib/rack/methodoverride.rb:21:in `call'
  rack (1.4.1) lib/rack/runtime.rb:17:in `call'
  activesupport (3.2.1) lib/active_support/cache/strategy/local_cache.rb:72:in `call'
  rack (1.4.1) lib/rack/lock.rb:15:in `call'
  actionpack (3.2.1) lib/action_dispatch/middleware/static.rb:53:in `call'
  railties (3.2.1) lib/rails/engine.rb:479:in `call'
  railties (3.2.1) lib/rails/application.rb:220:in `call'
  rack (1.4.1) lib/rack/content_length.rb:14:in `call'
  railties (3.2.1) lib/rails/rack/log_tailer.rb:14:in `call'
  rack (1.4.1) lib/rack/handler/webrick.rb:59:in `service'
  c:/Ruby192/lib/ruby/1.9.1/webrick/httpserver.rb:111:in `service'
  c:/Ruby192/lib/ruby/1.9.1/webrick/httpserver.rb:70:in `run'
  c:/Ruby192/lib/ruby/1.9.1/webrick/server.rb:183:in `block in start_thread'


  Rendered c:/Ruby192/lib/ruby/gems/1.9.1/gems/actionpack-3.2.1/lib/action_dispatch/middleware/templates/rescues/unknown_action.erb within rescues/layout (1.0ms)


Started GET "/users/password/new" for 127.0.0.1 at 2012-11-13 22:38:16 +0300

ActionController::RoutingError (No route matches [GET] "/users/password/new"):
  actionpack (3.2.1) lib/action_dispatch/middleware/debug_exceptions.rb:21:in `call'
  actionpack (3.2.1) lib/action_dispatch/middleware/show_exceptions.rb:56:in `call'
  railties (3.2.1) lib/rails/rack/logger.rb:26:in `call_app'
  railties (3.2.1) lib/rails/rack/logger.rb:16:in `call'
  actionpack (3.2.1) lib/action_dispatch/middleware/request_id.rb:22:in `call'
  rack (1.4.1) lib/rack/methodoverride.rb:21:in `call'
  rack (1.4.1) lib/rack/runtime.rb:17:in `call'
  activesupport (3.2.1) lib/active_support/cache/strategy/local_cache.rb:72:in `call'
  rack (1.4.1) lib/rack/lock.rb:15:in `call'
  actionpack (3.2.1) lib/action_dispatch/middleware/static.rb:53:in `call'
  railties (3.2.1) lib/rails/engine.rb:479:in `call'
  railties (3.2.1) lib/rails/application.rb:220:in `call'
  rack (1.4.1) lib/rack/content_length.rb:14:in `call'
  railties (3.2.1) lib/rails/rack/log_tailer.rb:14:in `call'
  rack (1.4.1) lib/rack/handler/webrick.rb:59:in `service'
  c:/Ruby192/lib/ruby/1.9.1/webrick/httpserver.rb:111:in `service'
  c:/Ruby192/lib/ruby/1.9.1/webrick/httpserver.rb:70:in `run'
  c:/Ruby192/lib/ruby/1.9.1/webrick/server.rb:183:in `block in start_thread'


  Rendered c:/Ruby192/lib/ruby/gems/1.9.1/gems/actionpack-3.2.1/lib/action_dispatch/middleware/templates/rescues/routing_error.erb within rescues/layout (1.0ms)


Started GET "/users" for 127.0.0.1 at 2012-11-13 22:38:21 +0300

AbstractController::ActionNotFound (The action 'index' could not be found for UsersController):
  actionpack (3.2.1) lib/abstract_controller/base.rb:116:in `process'
  actionpack (3.2.1) lib/abstract_controller/rendering.rb:45:in `process'
  actionpack (3.2.1) lib/action_controller/metal.rb:203:in `dispatch'
  actionpack (3.2.1) lib/action_controller/metal/rack_delegation.rb:14:in `dispatch'
  actionpack (3.2.1) lib/action_controller/metal.rb:246:in `block in action'
  actionpack (3.2.1) lib/action_dispatch/routing/route_set.rb:66:in `call'
  actionpack (3.2.1) lib/action_dispatch/routing/route_set.rb:66:in `dispatch'
  actionpack (3.2.1) lib/action_dispatch/routing/route_set.rb:30:in `call'
  journey (1.0.4) lib/journey/router.rb:68:in `block in call'
  journey (1.0.4) lib/journey/router.rb:56:in `each'
  journey (1.0.4) lib/journey/router.rb:56:in `call'
  actionpack (3.2.1) lib/action_dispatch/routing/route_set.rb:589:in `call'
  actionpack (3.2.1) lib/action_dispatch/middleware/best_standards_support.rb:17:in `call'
  rack (1.4.1) lib/rack/etag.rb:23:in `call'
  rack (1.4.1) lib/rack/conditionalget.rb:25:in `call'
  actionpack (3.2.1) lib/action_dispatch/middleware/head.rb:14:in `call'
  actionpack (3.2.1) lib/action_dispatch/middleware/params_parser.rb:21:in `call'
  actionpack (3.2.1) lib/action_dispatch/middleware/flash.rb:242:in `call'
  rack (1.4.1) lib/rack/session/abstract/id.rb:205:in `context'
  rack (1.4.1) lib/rack/session/abstract/id.rb:200:in `call'
  actionpack (3.2.1) lib/action_dispatch/middleware/cookies.rb:338:in `call'
  activerecord (3.2.1) lib/active_record/query_cache.rb:64:in `call'
  activerecord (3.2.1) lib/active_record/connection_adapters/abstract/connection_pool.rb:443:in `call'
  actionpack (3.2.1) lib/action_dispatch/middleware/callbacks.rb:28:in `block in call'
  activesupport (3.2.1) lib/active_support/callbacks.rb:405:in `_run__648730709__call__314379199__callbacks'
  activesupport (3.2.1) lib/active_support/callbacks.rb:405:in `__run_callback'
  activesupport (3.2.1) lib/active_support/callbacks.rb:385:in `_run_call_callbacks'
  activesupport (3.2.1) lib/active_support/callbacks.rb:81:in `run_callbacks'
  actionpack (3.2.1) lib/action_dispatch/middleware/callbacks.rb:27:in `call'
  actionpack (3.2.1) lib/action_dispatch/middleware/reloader.rb:65:in `call'
  actionpack (3.2.1) lib/action_dispatch/middleware/remote_ip.rb:31:in `call'
  actionpack (3.2.1) lib/action_dispatch/middleware/debug_exceptions.rb:16:in `call'
  actionpack (3.2.1) lib/action_dispatch/middleware/show_exceptions.rb:56:in `call'
  railties (3.2.1) lib/rails/rack/logger.rb:26:in `call_app'
  railties (3.2.1) lib/rails/rack/logger.rb:16:in `call'
  actionpack (3.2.1) lib/action_dispatch/middleware/request_id.rb:22:in `call'
  rack (1.4.1) lib/rack/methodoverride.rb:21:in `call'
  rack (1.4.1) lib/rack/runtime.rb:17:in `call'
  activesupport (3.2.1) lib/active_support/cache/strategy/local_cache.rb:72:in `call'
  rack (1.4.1) lib/rack/lock.rb:15:in `call'
  actionpack (3.2.1) lib/action_dispatch/middleware/static.rb:53:in `call'
  railties (3.2.1) lib/rails/engine.rb:479:in `call'
  railties (3.2.1) lib/rails/application.rb:220:in `call'
  rack (1.4.1) lib/rack/content_length.rb:14:in `call'
  railties (3.2.1) lib/rails/rack/log_tailer.rb:14:in `call'
  rack (1.4.1) lib/rack/handler/webrick.rb:59:in `service'
  c:/Ruby192/lib/ruby/1.9.1/webrick/httpserver.rb:111:in `service'
  c:/Ruby192/lib/ruby/1.9.1/webrick/httpserver.rb:70:in `run'
  c:/Ruby192/lib/ruby/1.9.1/webrick/server.rb:183:in `block in start_thread'


  Rendered c:/Ruby192/lib/ruby/gems/1.9.1/gems/actionpack-3.2.1/lib/action_dispatch/middleware/templates/rescues/unknown_action.erb within rescues/layout (1.0ms)


Started GET "/login" for 127.0.0.1 at 2012-11-13 22:39:05 +0300
Processing by SessionsController#new as HTML
  Rendered sessions/new.html.erb within layouts/application (46.8ms)
Completed 200 OK in 62ms (Views: 62.4ms | ActiveRecord: 0.0ms)


Started GET "/assets/application.css?body=1" for 127.0.0.1 at 2012-11-13 22:39:05 +0300
Served asset /application.css - 304 Not Modified (0ms)


Started GET "/assets/events.css?body=1" for 127.0.0.1 at 2012-11-13 22:39:05 +0300
Served asset /events.css - 304 Not Modified (0ms)


Started GET "/assets/scaffolds.css?body=1" for 127.0.0.1 at 2012-11-13 22:39:05 +0300
Served asset /scaffolds.css - 304 Not Modified (0ms)


Started GET "/assets/items.css?body=1" for 127.0.0.1 at 2012-11-13 22:39:05 +0300
Served asset /items.css - 304 Not Modified (0ms)


Started GET "/assets/defaults.js" for 127.0.0.1 at 2012-11-13 22:39:05 +0300
Served asset /defaults.js - 404 Not Found (0ms)

ActionController::RoutingError (No route matches [GET] "/assets/defaults.js"):
  actionpack (3.2.1) lib/action_dispatch/middleware/debug_exceptions.rb:21:in `call'
  actionpack (3.2.1) lib/action_dispatch/middleware/show_exceptions.rb:56:in `call'
  railties (3.2.1) lib/rails/rack/logger.rb:26:in `call_app'
  railties (3.2.1) lib/rails/rack/logger.rb:16:in `call'
  actionpack (3.2.1) lib/action_dispatch/middleware/request_id.rb:22:in `call'
  rack (1.4.1) lib/rack/methodoverride.rb:21:in `call'
  rack (1.4.1) lib/rack/runtime.rb:17:in `call'
  activesupport (3.2.1) lib/active_support/cache/strategy/local_cache.rb:72:in `call'
  rack (1.4.1) lib/rack/lock.rb:15:in `call'
  actionpack (3.2.1) lib/action_dispatch/middleware/static.rb:53:in `call'
  railties (3.2.1) lib/rails/engine.rb:479:in `call'
  railties (3.2.1) lib/rails/application.rb:220:in `call'
  rack (1.4.1) lib/rack/content_length.rb:14:in `call'
  railties (3.2.1) lib/rails/rack/log_tailer.rb:14:in `call'
  rack (1.4.1) lib/rack/handler/webrick.rb:59:in `service'
  c:/Ruby192/lib/ruby/1.9.1/webrick/httpserver.rb:111:in `service'
  c:/Ruby192/lib/ruby/1.9.1/webrick/httpserver.rb:70:in `run'
  c:/Ruby192/lib/ruby/1.9.1/webrick/server.rb:183:in `block in start_thread'


  Rendered c:/Ruby192/lib/ruby/gems/1.9.1/gems/actionpack-3.2.1/lib/action_dispatch/middleware/templates/rescues/routing_error.erb within rescues/layout (0.0ms)


Started GET "/signup" for 127.0.0.1 at 2012-11-13 22:39:09 +0300
Processing by UsersController#new as HTML
  Rendered users/_form.html.erb (187.2ms)
  Rendered users/new.html.erb within layouts/application (280.8ms)
Completed 200 OK in 328ms (Views: 312.0ms | ActiveRecord: 0.0ms)


Started GET "/assets/application.css?body=1" for 127.0.0.1 at 2012-11-13 22:39:09 +0300
Served asset /application.css - 304 Not Modified (0ms)


Started GET "/assets/scaffolds.css?body=1" for 127.0.0.1 at 2012-11-13 22:39:09 +0300
Served asset /scaffolds.css - 304 Not Modified (0ms)


Started GET "/assets/items.css?body=1" for 127.0.0.1 at 2012-11-13 22:39:09 +0300
Served asset /items.css - 304 Not Modified (0ms)


Started GET "/assets/events.css?body=1" for 127.0.0.1 at 2012-11-13 22:39:09 +0300
Served asset /events.css - 304 Not Modified (0ms)


Started GET "/assets/defaults.js" for 127.0.0.1 at 2012-11-13 22:39:09 +0300
Served asset /defaults.js - 404 Not Found (0ms)

ActionController::RoutingError (No route matches [GET] "/assets/defaults.js"):
  actionpack (3.2.1) lib/action_dispatch/middleware/debug_exceptions.rb:21:in `call'
  actionpack (3.2.1) lib/action_dispatch/middleware/show_exceptions.rb:56:in `call'
  railties (3.2.1) lib/rails/rack/logger.rb:26:in `call_app'
  railties (3.2.1) lib/rails/rack/logger.rb:16:in `call'
  actionpack (3.2.1) lib/action_dispatch/middleware/request_id.rb:22:in `call'
  rack (1.4.1) lib/rack/methodoverride.rb:21:in `call'
  rack (1.4.1) lib/rack/runtime.rb:17:in `call'
  activesupport (3.2.1) lib/active_support/cache/strategy/local_cache.rb:72:in `call'
  rack (1.4.1) lib/rack/lock.rb:15:in `call'
  actionpack (3.2.1) lib/action_dispatch/middleware/static.rb:53:in `call'
  railties (3.2.1) lib/rails/engine.rb:479:in `call'
  railties (3.2.1) lib/rails/application.rb:220:in `call'
  rack (1.4.1) lib/rack/content_length.rb:14:in `call'
  railties (3.2.1) lib/rails/rack/log_tailer.rb:14:in `call'
  rack (1.4.1) lib/rack/handler/webrick.rb:59:in `service'
  c:/Ruby192/lib/ruby/1.9.1/webrick/httpserver.rb:111:in `service'
  c:/Ruby192/lib/ruby/1.9.1/webrick/httpserver.rb:70:in `run'
  c:/Ruby192/lib/ruby/1.9.1/webrick/server.rb:183:in `block in start_thread'


  Rendered c:/Ruby192/lib/ruby/gems/1.9.1/gems/actionpack-3.2.1/lib/action_dispatch/middleware/templates/rescues/routing_error.erb within rescues/layout (0.0ms)


Started GET "/" for 127.0.0.1 at 2012-11-13 22:45:26 +0300
Processing by HomeController#index as HTML
  Rendered home/index.html.erb within layouts/application (46.8ms)
Compiled home.css  (93ms)  (pid 5972)
Compiled application.css  (209ms)  (pid 5972)
Completed 200 OK in 478ms (Views: 477.6ms | ActiveRecord: 0.0ms)


Started GET "/assets/application.css?body=1" for 127.0.0.1 at 2012-11-13 22:45:29 +0300
Served asset /application.css - 304 Not Modified (30ms)


Started GET "/assets/events.css?body=1" for 127.0.0.1 at 2012-11-13 22:45:29 +0300
Served asset /events.css - 304 Not Modified (0ms)


Started GET "/assets/defaults.js" for 127.0.0.1 at 2012-11-13 22:45:29 +0300
Served asset /defaults.js - 404 Not Found (39ms)

ActionController::RoutingError (No route matches [GET] "/assets/defaults.js"):
  actionpack (3.2.1) lib/action_dispatch/middleware/debug_exceptions.rb:21:in `call'
  actionpack (3.2.1) lib/action_dispatch/middleware/show_exceptions.rb:56:in `call'
  railties (3.2.1) lib/rails/rack/logger.rb:26:in `call_app'
  railties (3.2.1) lib/rails/rack/logger.rb:16:in `call'
  actionpack (3.2.1) lib/action_dispatch/middleware/request_id.rb:22:in `call'
  rack (1.4.1) lib/rack/methodoverride.rb:21:in `call'
  rack (1.4.1) lib/rack/runtime.rb:17:in `call'
  activesupport (3.2.1) lib/active_support/cache/strategy/local_cache.rb:72:in `call'
  rack (1.4.1) lib/rack/lock.rb:15:in `call'
  actionpack (3.2.1) lib/action_dispatch/middleware/static.rb:53:in `call'
  railties (3.2.1) lib/rails/engine.rb:479:in `call'
  railties (3.2.1) lib/rails/application.rb:220:in `call'
  rack (1.4.1) lib/rack/content_length.rb:14:in `call'
  railties (3.2.1) lib/rails/rack/log_tailer.rb:14:in `call'
  rack (1.4.1) lib/rack/handler/webrick.rb:59:in `service'
  c:/Ruby192/lib/ruby/1.9.1/webrick/httpserver.rb:111:in `service'
  c:/Ruby192/lib/ruby/1.9.1/webrick/httpserver.rb:70:in `run'
  c:/Ruby192/lib/ruby/1.9.1/webrick/server.rb:183:in `block in start_thread'


  Rendered c:/Ruby192/lib/ruby/gems/1.9.1/gems/actionpack-3.2.1/lib/action_dispatch/middleware/templates/rescues/routing_error.erb within rescues/layout (10.0ms)


Started GET "/assets/items.css?body=1" for 127.0.0.1 at 2012-11-13 22:45:29 +0300
Served asset /items.css - 304 Not Modified (0ms)


Started GET "/assets/home.css?body=1" for 127.0.0.1 at 2012-11-13 22:45:29 +0300
Served asset /home.css - 200 OK (0ms)


Started GET "/assets/scaffolds.css?body=1" for 127.0.0.1 at 2012-11-13 22:45:29 +0300
Served asset /scaffolds.css - 304 Not Modified (0ms)


Started GET "/" for 127.0.0.1 at 2012-11-13 23:32:17 +0300
Processing by HomeController#index as HTML
  Rendered home/index.html.erb within layouts/application (0.0ms)
Completed 200 OK in 31ms (Views: 31.2ms | ActiveRecord: 0.0ms)


Started GET "/assets/items.css?body=1" for 127.0.0.1 at 2012-11-13 23:32:17 +0300
Served asset /items.css - 304 Not Modified (0ms)


Started GET "/assets/application.css?body=1" for 127.0.0.1 at 2012-11-13 23:32:17 +0300
Served asset /application.css - 304 Not Modified (0ms)


Started GET "/assets/events.css?body=1" for 127.0.0.1 at 2012-11-13 23:32:17 +0300
Served asset /events.css - 304 Not Modified (0ms)


Started GET "/assets/scaffolds.css?body=1" for 127.0.0.1 at 2012-11-13 23:32:17 +0300
Served asset /scaffolds.css - 304 Not Modified (0ms)


Started GET "/assets/home.css?body=1" for 127.0.0.1 at 2012-11-13 23:32:17 +0300
Served asset /home.css - 304 Not Modified (0ms)


Started GET "/assets/defaults.js" for 127.0.0.1 at 2012-11-13 23:32:17 +0300
Served asset /defaults.js - 404 Not Found (15ms)

ActionController::RoutingError (No route matches [GET] "/assets/defaults.js"):
  actionpack (3.2.1) lib/action_dispatch/middleware/debug_exceptions.rb:21:in `call'
  actionpack (3.2.1) lib/action_dispatch/middleware/show_exceptions.rb:56:in `call'
  railties (3.2.1) lib/rails/rack/logger.rb:26:in `call_app'
  railties (3.2.1) lib/rails/rack/logger.rb:16:in `call'
  actionpack (3.2.1) lib/action_dispatch/middleware/request_id.rb:22:in `call'
  rack (1.4.1) lib/rack/methodoverride.rb:21:in `call'
  rack (1.4.1) lib/rack/runtime.rb:17:in `call'
  activesupport (3.2.1) lib/active_support/cache/strategy/local_cache.rb:72:in `call'
  rack (1.4.1) lib/rack/lock.rb:15:in `call'
  actionpack (3.2.1) lib/action_dispatch/middleware/static.rb:53:in `call'
  railties (3.2.1) lib/rails/engine.rb:479:in `call'
  railties (3.2.1) lib/rails/application.rb:220:in `call'
  rack (1.4.1) lib/rack/content_length.rb:14:in `call'
  railties (3.2.1) lib/rails/rack/log_tailer.rb:14:in `call'
  rack (1.4.1) lib/rack/handler/webrick.rb:59:in `service'
  c:/Ruby192/lib/ruby/1.9.1/webrick/httpserver.rb:111:in `service'
  c:/Ruby192/lib/ruby/1.9.1/webrick/httpserver.rb:70:in `run'
  c:/Ruby192/lib/ruby/1.9.1/webrick/server.rb:183:in `block in start_thread'


  Rendered c:/Ruby192/lib/ruby/gems/1.9.1/gems/actionpack-3.2.1/lib/action_dispatch/middleware/templates/rescues/routing_error.erb within rescues/layout (15.6ms)
